This is pdfTeX, Version 3.1415926-2.3-1.40.12 (MiKTeX 2.9) (preloaded format=pdflatex 2014.8.26)  7 NOV 2014 20:17
entering extended mode
**C:/Users/icfy/Documents/å­¦ä¹ èµ„æ–™/ä½œä¸š/Networks/dsml_git/network-debugge
r/Paper_draft/paper_summary.tex

(C:/Users/icfy/Documents/å­¦ä¹ èµ„æ–™/ä½œä¸š/Networks/dsml_git/network-debugger
/Paper_draft/paper_summary.tex
LaTeX2e <2011/06/27>
Babel <v3.8m> and hyphenation patterns for loaded.
(f:\CTEX\MiKTeX\tex\latex\base\article.cls
Document Class: article 2007/10/19 v1.4h Standard LaTeX document class
(f:\CTEX\MiKTeX\tex\latex\base\size10.clo
File: size10.clo 2007/10/19 v1.4h Standard LaTeX file (size option)
)
\c@part=\count79
\c@section=\count80
\c@subsection=\count81
\c@subsubsection=\count82
\c@paragraph=\count83
\c@subparagraph=\count84
\c@figure=\count85
\c@table=\count86
\abovecaptionskip=\skip41
\belowcaptionskip=\skip42
\bibindent=\dimen102
)
(f:\CTEX\MiKTeX\tex\latex\graphics\epsfig.sty
Package: epsfig 1999/02/16 v1.7a (e)psfig emulation (SPQR)

(f:\CTEX\MiKTeX\tex\latex\graphics\graphicx.sty
Package: graphicx 1999/02/16 v1.0f Enhanced LaTeX Graphics (DPC,SPQR)

(f:\CTEX\MiKTeX\tex\latex\graphics\keyval.sty
Package: keyval 1999/03/16 v1.13 key=value parser (DPC)
\KV@toks@=\toks14
)
(f:\CTEX\MiKTeX\tex\latex\graphics\graphics.sty
Package: graphics 2009/02/05 v1.0o Standard LaTeX Graphics (DPC,SPQR)

(f:\CTEX\MiKTeX\tex\latex\graphics\trig.sty
Package: trig 1999/03/16 v1.09 sin cos tan (DPC)
)
(f:\CTEX\MiKTeX\tex\latex\00miktex\graphics.cfg
File: graphics.cfg 2007/01/18 v1.5 graphics configuration of teTeX/TeXLive
)
Package graphics Info: Driver file: pdftex.def on input line 91.

(f:\CTEX\MiKTeX\tex\latex\pdftex-def\pdftex.def
File: pdftex.def 2011/05/27 v0.06d Graphics/color for pdfTeX

(f:\CTEX\MiKTeX\tex\generic\oberdiek\infwarerr.sty
Package: infwarerr 2010/04/08 v1.3 Providing info/warning/message (HO)
)
(f:\CTEX\MiKTeX\tex\generic\oberdiek\ltxcmds.sty
Package: ltxcmds 2011/04/18 v1.20 LaTeX kernel commands for general use (HO)
)
\Gread@gobject=\count87
))
\Gin@req@height=\dimen103
\Gin@req@width=\dimen104
)
\epsfxsize=\dimen105
\epsfysize=\dimen106
)
(f:\CTEX\MiKTeX\tex\latex\tools\xspace.sty
Package: xspace 2009/10/20 v1.13 Space after command names (DPC,MH)
)
(f:\CTEX\MiKTeX\tex\latex\ltxmisc\url.sty
\Urlmuskip=\muskip10
Package: url 2006/04/12  ver 3.3  Verb mode for urls, etc.
)
(f:\CTEX\UserData\tex\latex\preprint\authblk.sty
Package: authblk 2001/02/27 1.3 (PWD)
\affilsep=\skip43
\@affilsep=\skip44
\c@Maxaffil=\count88
\c@authors=\count89
\c@affil=\count90
)
(C:\Users\icfy\Documents\å­¦ä¹ èµ„æ–™\ä½œä¸š\Networks\dsml_git\network-debugger
\Paper_draft\paper_summary.aux)
LaTeX Font Info:    Checking defaults for OML/cmm/m/it on input line 12.
LaTeX Font Info:    ... okay on input line 12.
LaTeX Font Info:    Checking defaults for T1/cmr/m/n on input line 12.
LaTeX Font Info:    ... okay on input line 12.
LaTeX Font Info:    Checking defaults for OT1/cmr/m/n on input line 12.
LaTeX Font Info:    ... okay on input line 12.
LaTeX Font Info:    Checking defaults for OMS/cmsy/m/n on input line 12.
LaTeX Font Info:    ... okay on input line 12.
LaTeX Font Info:    Checking defaults for OMX/cmex/m/n on input line 12.
LaTeX Font Info:    ... okay on input line 12.
LaTeX Font Info:    Checking defaults for U/cmr/m/n on input line 12.
LaTeX Font Info:    ... okay on input line 12.
 (f:\CTEX\MiKTeX\tex\context\base\supp-pdf.mkii
[Loading MPS to PDF converter (version 2006.09.02).]
\scratchcounter=\count91
\scratchdimen=\dimen107
\scratchbox=\box26
\nofMPsegments=\count92
\nofMParguments=\count93
\everyMPshowfont=\toks15
\MPscratchCnt=\count94
\MPscratchDim=\dimen108
\MPnumerator=\count95
\makeMPintoPDFobject=\count96
\everyMPtoPDFconversion=\toks16
)
Missing character: There is no   in font cmr10!
Missing character: There is no   in font cmr10!
 [1{f:/CTEX/UserData/pdftex/config/pdftex.map{Unicode.sfd}{UGBK.sfd}}


]
LaTeX Font Info:    Try loading font information for OMS+cmr on input line 63.

(f:\CTEX\MiKTeX\tex\latex\base\omscmr.fd
File: omscmr.fd 1999/05/25 v2.5h Standard LaTeX font definitions
)
LaTeX Font Info:    Font shape `OMS/cmr/m/n' in size <10> not available
(Font)              Font shape `OMS/cmsy/m/n' tried instead on input line 63.
 [2]
(C:\Users\icfy\Documents\å­¦ä¹ èµ„æ–™\ä½œä¸š\Networks\dsml_git\network-debugger
\Paper_draft\paper_summary.bbl
Underfull \hbox (badness 2735) in paragraph at lines 10--15
[]\OT1/cmr/m/sc/9 Cao, Q., Ab-delza-her, T., S-tankovic, J.,
 []

) [3]
(C:\Users\icfy\Documents\å­¦ä¹ èµ„æ–™\ä½œä¸š\Networks\dsml_git\network-debugger
\Paper_draft\paper_summary.aux) ) 
Here is how much of TeX's memory you used:
 1345 strings out of 495354
 17841 string characters out of 3183859
 73889 words of memory out of 3000000
 4538 multiletter control sequences out of 15000+200000
 6999 words of font info for 25 fonts, out of 3000000 for 9000
 14 hyphenation exceptions out of 8191
 34i,4n,21p,828b,254s stack positions out of 5000i,500n,10000p,200000b,50000s
<f:/CTEX/MiKTeX/fonts/type1/public/amsfonts/cm
/cmbx12.pfb><f:/CTEX/MiKTeX/fonts/type1/public/amsfonts/cm/cmcsc10.pfb><f:/CTEX
/MiKTeX/fonts/type1/public/amsfonts/cm/cmr10.pfb><f:/CTEX/MiKTeX/fonts/type1/pu
blic/amsfonts/cm/cmr12.pfb><f:/CTEX/MiKTeX/fonts/type1/public/amsfonts/cm/cmr9.
pfb><f:/CTEX/MiKTeX/fonts/type1/public/amsfonts/cm/cmsy10.pfb><f:/CTEX/MiKTeX/f
onts/type1/public/amsfonts/cm/cmti9.pfb>
Output written on paper_summary.pdf (3 pages, 129854 bytes).
PDF statistics:
 40 PDF objects out of 1000 (max. 8388607)
 0 named destinations out of 1000 (max. 500000)
 1 words of extra memory for PDF output out of 10000 (max. 10000000)

